Case #1:
c..
...
*..
Case #2:
Impossible
Case #3:
c....
.....
.....
.....
.....
Case #4:
c...
....
****
****
****
Case #5:
c****
*****
*****
*****
*****
Case #6:
c..**
...**
...**
*****
*****
Case #7:
c...*
Case #8:
c.
..
..
**
Case #9:
c....
.....
***..
***..
***..
Case #10:
c
.
.
Case #11:
Impossible
Case #12:
c....
Case #13:
c
*
*
*
Case #14:
Impossible
Case #15:
c****
*****
Case #16:
c...
....
**..
****
Case #17:
Impossible
Case #18:
c...
....
....
...*
Case #19:
Impossible
Case #20:
c**
***
***
***
***
Case #21:
c..*
...*
****
****
****
Case #22:
c*
Case #23:
Impossible
Case #24:
c...
....
**..
Case #25:
c
.
.
.
.
Case #26:
c..**
Case #27:
c..
...
*..
***
Case #28:
c..**
...**
*****
*****
*****
Case #29:
c....
.....
***..
***..
*****
Case #30:
c.*
Case #31:
c
*
*
Case #32:
c....
.....
*....
*....
Case #33:
Impossible
Case #34:
Impossible
Case #35:
Impossible
Case #36:
c....
.....
**...
***..
Case #37:
c..**
...**
Case #38:
Impossible
Case #39:
c....
.....
**...
**...
**...
Case #40:
c
.
*
*
Case #41:
c....
.....
*****
Case #42:
c...
....
....
....
....
Case #43:
Impossible
Case #44:
Impossible
Case #45:
Impossible
Case #46:
c.
..
**
**
Case #47:
c.**
..**
****
****
Case #48:
Impossible
Case #49:
c..
...
...
*..
*..
Case #50:
c****
*****
*****
Case #51:
c.**
..**
Case #52:
c...
....
Case #53:
Impossible
Case #54:
c...*
....*
*...*
Case #55:
Impossible
Case #56:
c...*
....*
*...*
*****
Case #57:
c**
***
Case #58:
Impossible
Case #59:
c....
.....
**...
.....
.....
Case #60:
c...
....
**..
**..
****
Case #61:
c*
**
**
**
**
Case #62:
Impossible
Case #63:
c***
Case #64:
c..**
...**
*****
Case #65:
c...
....
**..
****
****
Case #66:
Impossible
Case #67:
c
*
Case #68:
c
.
*
Case #69:
c
.
.
.
Case #70:
c..
...
...
*..
Case #71:
c
Case #72:
Impossible
Case #73:
c.
..
..
**
**
Case #74:
c**
Case #75:
c*
**
**
Case #76:
c...
Case #77:
Impossible
Case #78:
c...*
....*
*****
*****
*****
Case #79:
c....
.....
.....
.....
Case #80:
c..
...
*..
*..
*..
Case #81:
Impossible
Case #82:
c..*
...*
****
Case #83:
c**
***
***
***
Case #84:
Impossible
Case #85:
c****
Case #86:
c....
.....
*****
*****
Case #87:
c....
.....
**...
Case #88:
c....
.....
**...
*****
*****
Case #89:
c....
.....
**...
***..
*****
Case #90:
c.*
..*
Case #91:
c....
.....
.....
....*
Case #92:
c..**
...**
*****
*****
Case #93:
c..
...
...
***
Case #94:
c.*
..*
***
***
***
Case #95:
c...
....
**..
**..
Case #96:
c..*
...*
...*
****
Case #97:
c....
.....
**...
***..
***..
Case #98:
c....
.....
***..
*****
Case #99:
c...
....
****
****
Case #100:
c..
...
...
...
...
Case #101:
Impossible
Case #102:
c.
..
**
**
**
Case #103:
c....
.....
**...
**...
Case #104:
c..*
...*
****
****
Case #105:
Impossible
Case #106:
c...
....
*...
....
....
Case #107:
c
.
.
.
*
Case #108:
c..
...
*..
*..
Case #109:
c
.
Case #110:
c.
..
..
..
Case #111:
Impossible
Case #112:
c....
.....
*....
Case #113:
Impossible
Case #114:
c..
...
...
*..
***
Case #115:
Impossible
Case #116:
Impossible
Case #117:
c.**
Case #118:
c.***
..***
*****
*****
*****
Case #119:
c
.
.
*
Case #120:
Impossible
Case #121:
c.***
Case #122:
c....
.....
***..
**...
**...
Case #123:
Impossible
Case #124:
c
.
*
*
*
Case #125:
c
.
.
*
*
Case #126:
Impossible
Case #127:
Impossible
Case #128:
Impossible
Case #129:
Impossible
Case #130:
Impossible
Case #131:
Impossible
Case #132:
c..
...
*..
*..
***
Case #133:
c.**
..**
****
****
****
Case #134:
c.
..
Case #135:
Impossible
Case #136:
c....
.....
***..
*....
*....
Case #137:
c.
..
**
Case #138:
c....
.....
***..
.....
.....
Case #139:
Impossible
Case #140:
c..
...
*..
***
***
Case #141:
Impossible
Case #142:
c...
....
**..
*...
*...
Case #143:
c...
....
*...
****
Case #144:
Impossible
Case #145:
c..**
...**
...**
Case #146:
c..
...
...
Case #147:
c..*
...*
Case #148:
Impossible
Case #149:
c
*
*
*
*
Case #150:
c..
...
***
***
Case #151:
c...
....
**..
**..
**..
Case #152:
c...
....
....
....
Case #153:
c...*
....*
*****
Case #154:
Impossible
Case #155:
Impossible
Case #156:
Impossible
Case #157:
c.***
..***
*****
Case #158:
c**
***
***
Case #159:
c.***
..***
Case #160:
c....
.....
***..
Case #161:
Impossible
Case #162:
c...
....
*...
*...
Case #163:
Impossible
Case #164:
c..
...
Case #165:
Impossible
Case #166:
Impossible
Case #167:
c*
**
**
**
Case #168:
c....
.....
*....
*...*
Case #169:
c..
...
***
***
***
Case #170:
c.
..
..
Case #171:
c....
.....
Case #172:
c....
.....
.....
Case #173:
c...
....
*...
**..
Case #174:
c..*
...*
...*
****
****
Case #175:
c..
...
...
...
Case #176:
c....
.....
*****
*****
*****
Case #177:
c....
.....
***..
***..
Case #178:
Impossible
Case #179:
Impossible
Case #180:
c***
****
Case #181:
c.
..
..
..
..
Case #182:
c..*
Case #183:
c.**
..**
****
Case #184:
c..
...
*..
...
...
Case #185:
c..
...
...
***
***
Case #186:
c..
...
***
Case #187:
c...
....
****
Case #188:
c...
....
*...
**..
****
Case #189:
Impossible
Case #190:
c*
**
Case #191:
c..
Case #192:
c...
....
*...
Case #193:
Impossible
Case #194:
Impossible
Case #195:
c...
....
*...
**..
**..
Case #196:
c.
..
..
..
**
Case #197:
c...
....
*...
****
****
Case #198:
c....
.....
..*..
.....
.....
Case #199:
c.*
..*
***
***
Case #200:
c****
*****
*****
*****
Case #201:
Impossible
Case #202:
c..**
...**
...**
*****
Case #203:
c.
Case #204:
c***
****
****
Case #205:
c....
.....
**...
*****
Case #206:
c...
....
**..
....
....
Case #207:
Impossible
Case #208:
Impossible
Case #209:
c...*
....*
*****
*****
Case #210:
Impossible
Case #211:
c....
.....
***..
*****
*****
Case #212:
c***
****
****
****
****
Case #213:
c***
****
****
****
Case #214:
Impossible
Case #215:
c..*
...*
...*
Case #216:
c...
....
*...
*...
*...
Case #217:
c...*
....*
Case #218:
Impossible
Case #219:
c.*
..*
***
Case #220:
c....
.....
**...
*....
*....
Case #221:
Impossible
Case #222:
c...
....
....
Case #223:
c.***
..***
*****
*****
Case #224:
c...*
....*
*...*
*****
*****
Case #225:
Impossible
